<?xml version="1.0" encoding="UTF-8"?>
<!-- Generated by org.testng.reporters.JUnitXMLReporter -->
<testsuite ignored="0" hostname="DESKTOP-PP8RICL" failures="1" tests="16" name="Test" time="441.967" errors="0" timestamp="2024-11-29T18:59:21 BDT">
  <testcase classname="testCases.TC001_VerifyBasicAuthFunctionality" name="verify_BasicAuthFunctionality" time="1.551"/>
  <testcase classname="testCases.TC002_VerifyFormAuthentication" name="verify_ValidLogin" time="10.267"/>
  <testcase classname="testCases.TC002_VerifyFormAuthentication" name="verify_InvalidLogin" time="1.137"/>
  <testcase classname="testCases.TC002_VerifyFormAuthentication" name="verify_BlankFieldsLogin" time="0.844"/>
  <testcase classname="testCases.TC003_VerifyDisappearingElements" name="verify_DisappearingElements" time="1.925">
    <failure type="java.lang.AssertionError" message="Menu items mismatch after reload #3: lists don&amp;apos;t have the same size expected [5] but found [4]">
      <![CDATA[java.lang.AssertionError: Menu items mismatch after reload #3: lists don't have the same size expected [5] but found [4]
at testCases.TC003_VerifyDisappearingElements.verify_DisappearingElements(TC003_VerifyDisappearingElements.java:31)
at java.base/java.util.ArrayList.forEach(ArrayList.java:1596)
... Removed 36 stack frames]]>
    </failure>
  </testcase> <!-- verify_DisappearingElements -->
  <testcase classname="testCases.TC004_VerifyFileUpload" name="verify_FileUpload" time="8.323"/>
  <testcase classname="testCases.TC005_VerifyDropdownListFunctionality" name="verify_DropdownList" time="2.591"/>
  <testcase classname="testCases.TC006_VerifyAddRemoveElements" name="verify_AddRemoveElements" time="21.183"/>
  <testcase classname="testCases.TC007_VerifyFloatingMenuFunctionality" name="verify_FloatingMenuFunctionality" time="1.819"/>
  <testcase classname="testCases.TC008_VerifyHoversActions" name="verify_HoversActions" time="1.381"/>
  <testcase classname="testCases.TC009_VerifyDragAndDrop" name="verify_DragAndDrop" time="0.78"/>
  <testcase classname="testCases.TC010_VerifyJavaScriptAlerts" name="verify_JsAlert" time="0.616"/>
  <testcase classname="testCases.TC010_VerifyJavaScriptAlerts" name="verify_JsConfirmAccept" time="0.117"/>
  <testcase classname="testCases.TC010_VerifyJavaScriptAlerts" name="verify_JsConfirmDismiss" time="0.111"/>
  <testcase classname="testCases.TC010_VerifyJavaScriptAlerts" name="verify_JsPrompt" time="0.132"/>
  <testcase classname="testCases.TC011_VerifyKeyPresses" name="verify_KeyPresses" time="1.077"/>
</testsuite> <!-- Test -->
