<?xml version="1.0" encoding="UTF-8"?>
<!-- Generated by org.testng.reporters.JUnitXMLReporter -->
<testsuite ignored="0" hostname="DESKTOP-PP8RICL" failures="1" tests="16" name="Test" time="195.919" errors="0" timestamp="2024-11-29T19:12:57 BDT">
  <testcase classname="testCases.TC001_VerifyBasicAuthFunctionality" name="verify_BasicAuthFunctionality" time="0.812"/>
  <testcase classname="testCases.TC002_VerifyFormAuthentication" name="verify_ValidLogin" time="3.361"/>
  <testcase classname="testCases.TC002_VerifyFormAuthentication" name="verify_InvalidLogin" time="0.99"/>
  <testcase classname="testCases.TC002_VerifyFormAuthentication" name="verify_BlankFieldsLogin" time="0.893"/>
  <testcase classname="testCases.TC003_VerifyDisappearingElements" name="verify_DisappearingElements" time="2.702">
    <failure type="java.lang.AssertionError" message="Menu items mismatch after reload #5: lists don&amp;apos;t have the same size expected [5] but found [4]">
      <![CDATA[java.lang.AssertionError: Menu items mismatch after reload #5: lists don't have the same size expected [5] but found [4]
at testCases.TC003_VerifyDisappearingElements.verify_DisappearingElements(TC003_VerifyDisappearingElements.java:31)
at java.base/java.util.ArrayList.forEach(ArrayList.java:1511)
... Removed 34 stack frames]]>
    </failure>
  </testcase> <!-- verify_DisappearingElements -->
  <testcase classname="testCases.TC004_VerifyFileUpload" name="verify_FileUpload" time="4.691"/>
  <testcase classname="testCases.TC005_VerifyDropdownListFunctionality" name="verify_DropdownList" time="1.124"/>
  <testcase classname="testCases.TC006_VerifyAddRemoveElements" name="verify_AddRemoveElements" time="21.365"/>
  <testcase classname="testCases.TC007_VerifyFloatingMenuFunctionality" name="verify_FloatingMenuFunctionality" time="1.002"/>
  <testcase classname="testCases.TC008_VerifyHoversActions" name="verify_HoversActions" time="1.475"/>
  <testcase classname="testCases.TC009_VerifyDragAndDrop" name="verify_DragAndDrop" time="0.878"/>
  <testcase classname="testCases.TC010_VerifyJavaScriptAlerts" name="verify_JsAlert" time="0.583"/>
  <testcase classname="testCases.TC010_VerifyJavaScriptAlerts" name="verify_JsConfirmAccept" time="0.101"/>
  <testcase classname="testCases.TC010_VerifyJavaScriptAlerts" name="verify_JsConfirmDismiss" time="0.119"/>
  <testcase classname="testCases.TC010_VerifyJavaScriptAlerts" name="verify_JsPrompt" time="0.107"/>
  <testcase classname="testCases.TC011_VerifyKeyPresses" name="verify_KeyPresses" time="1.056"/>
</testsuite> <!-- Test -->
