<html>
<head>
<title>TestNG:  Test</title>
<link href="../testng.css" rel="stylesheet" type="text/css" />
<link href="../my-testng.css" rel="stylesheet" type="text/css" />

<style type="text/css">
.log { display: none;} 
.stack-trace { display: none;} 
</style>
<script type="text/javascript">
<!--
function flip(e) {
  current = e.style.display;
  if (current == 'block') {
    e.style.display = 'none';
    return 0;
  }
  else {
    e.style.display = 'block';
    return 1;
  }
}

function toggleBox(szDivId, elem, msg1, msg2)
{
  var res = -1;  if (document.getElementById) {
    res = flip(document.getElementById(szDivId));
  }
  else if (document.all) {
    // this is the way old msie versions work
    res = flip(document.all[szDivId]);
  }
  if(elem) {
    if(res == 0) elem.innerHTML = msg1; else elem.innerHTML = msg2;
  }

}

function toggleAllBoxes() {
  if (document.getElementsByTagName) {
    d = document.getElementsByTagName('div');
    for (i = 0; i < d.length; i++) {
      if (d[i].className == 'log') {
        flip(d[i]);
      }
    }
  }
}

// -->
</script>

</head>
<body>
<h2 align='center'>Test</h2><table border='1' align="center">
<tr>
<td>Tests passed/Failed/Skipped:</td><td>15/1/0</td>
</tr><tr>
<td>Started on:</td><td>Fri Nov 29 19:09:40 BDT 2024</td>
</tr>
<tr><td>Total time:</td><td>195 seconds (195919 ms)</td>
</tr><tr>
<td>Included groups:</td><td>Master Sanity Regression Smoke </td>
</tr><tr>
<td>Excluded groups:</td><td></td>
</tr>
</table><p/>
<small><i>(Hover the method name to see the test class name)</i></small><p/>
<table width='100%' border='1' class='invocation-failed'>
<tr><td colspan='4' align='center'><b>FAILED TESTS</b></td></tr>
<tr><td><b>Test method</b></td>
<td><b>Attribute(s)</b></td>
<td width="30%"><b>Exception</b></td>
<td width="10%"><b>Time (seconds)</b></td>
<td><b>Instance</b></td>
</tr>
<tr>
<td title='testCases.TC003_VerifyDisappearingElements.verify_DisappearingElements()'><b>verify_DisappearingElements</b><br>Test class: testCases.TC003_VerifyDisappearingElements</td>
<td><div><pre>java.lang.AssertionError: Menu items mismatch after reload #5: lists don&apos;t have the same size expected [5] but found [4]
	at testCases.TC003_VerifyDisappearingElements.verify_DisappearingElements(TC003_VerifyDisappearingElements.java:31)
	at java.base/java.util.ArrayList.forEach(ArrayList.java:1511)
... Removed 34 stack frames</pre></div><a href='#' onClick='toggleBox("stack-trace560897187", this, "Click to show all stack frames", "Click to hide stack frames")'>Click to show all stack frames</a>
<div class='stack-trace' id='stack-trace560897187'><pre>java.lang.AssertionError: Menu items mismatch after reload #5: lists don&apos;t have the same size expected [5] but found [4]
	at org.testng.Assert.fail(Assert.java:111)
	at org.testng.Assert.failNotEquals(Assert.java:1578)
	at org.testng.Assert.assertEqualsImpl(Assert.java:150)
	at org.testng.Assert.assertEquals(Assert.java:132)
	at org.testng.Assert.assertEquals(Assert.java:1419)
	at org.testng.Assert.assertEquals(Assert.java:1383)
	at org.testng.Assert.assertEquals(Assert.java:1630)
	at testCases.TC003_VerifyDisappearingElements.verify_DisappearingElements(TC003_VerifyDisappearingElements.java:31)
	at java.base/jdk.internal.reflect.NativeMethodAccessorImpl.invoke0(Native Method)
	at java.base/jdk.internal.reflect.NativeMethodAccessorImpl.invoke(NativeMethodAccessorImpl.java:77)
	at java.base/jdk.internal.reflect.DelegatingMethodAccessorImpl.invoke(DelegatingMethodAccessorImpl.java:43)
	at java.base/java.lang.reflect.Method.invoke(Method.java:568)
	at org.testng.internal.invokers.MethodInvocationHelper.invokeMethod(MethodInvocationHelper.java:141)
	at org.testng.internal.invokers.TestInvoker.invokeMethod(TestInvoker.java:686)
	at org.testng.internal.invokers.TestInvoker.invokeTestMethod(TestInvoker.java:230)
	at org.testng.internal.invokers.MethodRunner.runInSequence(MethodRunner.java:63)
	at org.testng.internal.invokers.TestInvoker$MethodInvocationAgent.invoke(TestInvoker.java:992)
	at org.testng.internal.invokers.TestInvoker.invokeTestMethods(TestInvoker.java:203)
	at org.testng.internal.invokers.TestMethodWorker.invokeTestMethods(TestMethodWorker.java:154)
	at org.testng.internal.invokers.TestMethodWorker.run(TestMethodWorker.java:134)
	at java.base/java.util.ArrayList.forEach(ArrayList.java:1511)
	at org.testng.TestRunner.privateRun(TestRunner.java:739)
	at org.testng.TestRunner.run(TestRunner.java:614)
	at org.testng.SuiteRunner.runTest(SuiteRunner.java:421)
	at org.testng.SuiteRunner.runSequentially(SuiteRunner.java:413)
	at org.testng.SuiteRunner.privateRun(SuiteRunner.java:373)
	at org.testng.SuiteRunner.run(SuiteRunner.java:312)
	at org.testng.SuiteRunnerWorker.runSuite(SuiteRunnerWorker.java:52)
	at org.testng.SuiteRunnerWorker.run(SuiteRunnerWorker.java:95)
	at org.testng.TestNG.runSuitesSequentially(TestNG.java:1274)
	at org.testng.TestNG.runSuitesLocally(TestNG.java:1208)
	at org.testng.TestNG.runSuites(TestNG.java:1112)
	at org.testng.TestNG.run(TestNG.java:1079)
	at org.testng.remote.AbstractRemoteTestNG.run(AbstractRemoteTestNG.java:115)
	at org.testng.remote.RemoteTestNG.initAndRun(RemoteTestNG.java:293)
	at org.testng.remote.RemoteTestNG.main(RemoteTestNG.java:91)
</pre></div></td>
<td>2</td>
<td>testCases.TC003_VerifyDisappearingElements@24d4d7c9</td></tr>
</table><p>
<table width='100%' border='1' class='invocation-passed'>
<tr><td colspan='4' align='center'><b>PASSED TESTS</b></td></tr>
<tr><td><b>Test method</b></td>
<td><b>Attribute(s)</b></td>
<td width="30%"><b>Exception</b></td>
<td width="10%"><b>Time (seconds)</b></td>
<td><b>Instance</b></td>
</tr>
<tr>
<td title='testCases.TC006_VerifyAddRemoveElements.verify_AddRemoveElements()'><b>verify_AddRemoveElements</b><br>Test class: testCases.TC006_VerifyAddRemoveElements</td>
<td></td>
<td>21</td>
<td>testCases.TC006_VerifyAddRemoveElements@73db4768</td></tr>
<tr>
<td title='testCases.TC010_VerifyJavaScriptAlerts.verify_JsConfirmAccept()'><b>verify_JsConfirmAccept</b><br>Test class: testCases.TC010_VerifyJavaScriptAlerts</td>
<td></td>
<td>0</td>
<td>testCases.TC010_VerifyJavaScriptAlerts@3c435123</td></tr>
<tr>
<td title='testCases.TC002_VerifyFormAuthentication.verify_InvalidLogin()'><b>verify_InvalidLogin</b><br>Test class: testCases.TC002_VerifyFormAuthentication</td>
<td></td>
<td>0</td>
<td>testCases.TC002_VerifyFormAuthentication@53f48368</td></tr>
<tr>
<td title='testCases.TC005_VerifyDropdownListFunctionality.verify_DropdownList()'><b>verify_DropdownList</b><br>Test class: testCases.TC005_VerifyDropdownListFunctionality</td>
<td></td>
<td>1</td>
<td>testCases.TC005_VerifyDropdownListFunctionality@4c37b5b</td></tr>
<tr>
<td title='testCases.TC010_VerifyJavaScriptAlerts.verify_JsPrompt()'><b>verify_JsPrompt</b><br>Test class: testCases.TC010_VerifyJavaScriptAlerts</td>
<td></td>
<td>0</td>
<td>testCases.TC010_VerifyJavaScriptAlerts@3c435123</td></tr>
<tr>
<td title='testCases.TC007_VerifyFloatingMenuFunctionality.verify_FloatingMenuFunctionality()'><b>verify_FloatingMenuFunctionality</b><br>Test class: testCases.TC007_VerifyFloatingMenuFunctionality</td>
<td></td>
<td>1</td>
<td>testCases.TC007_VerifyFloatingMenuFunctionality@71b3bc45</td></tr>
<tr>
<td title='testCases.TC010_VerifyJavaScriptAlerts.verify_JsConfirmDismiss()'><b>verify_JsConfirmDismiss</b><br>Test class: testCases.TC010_VerifyJavaScriptAlerts</td>
<td></td>
<td>0</td>
<td>testCases.TC010_VerifyJavaScriptAlerts@3c435123</td></tr>
<tr>
<td title='testCases.TC010_VerifyJavaScriptAlerts.verify_JsAlert()'><b>verify_JsAlert</b><br>Test class: testCases.TC010_VerifyJavaScriptAlerts</td>
<td></td>
<td>0</td>
<td>testCases.TC010_VerifyJavaScriptAlerts@3c435123</td></tr>
<tr>
<td title='testCases.TC002_VerifyFormAuthentication.verify_ValidLogin()'><b>verify_ValidLogin</b><br>Test class: testCases.TC002_VerifyFormAuthentication</td>
<td></td>
<td>3</td>
<td>testCases.TC002_VerifyFormAuthentication@53f48368</td></tr>
<tr>
<td title='testCases.TC008_VerifyHoversActions.verify_HoversActions()'><b>verify_HoversActions</b><br>Test class: testCases.TC008_VerifyHoversActions</td>
<td></td>
<td>1</td>
<td>testCases.TC008_VerifyHoversActions@a8c1f44</td></tr>
<tr>
<td title='testCases.TC009_VerifyDragAndDrop.verify_DragAndDrop()'><b>verify_DragAndDrop</b><br>Test class: testCases.TC009_VerifyDragAndDrop</td>
<td></td>
<td>0</td>
<td>testCases.TC009_VerifyDragAndDrop@150ab4ed</td></tr>
<tr>
<td title='testCases.TC002_VerifyFormAuthentication.verify_BlankFieldsLogin()'><b>verify_BlankFieldsLogin</b><br>Test class: testCases.TC002_VerifyFormAuthentication</td>
<td></td>
<td>0</td>
<td>testCases.TC002_VerifyFormAuthentication@53f48368</td></tr>
<tr>
<td title='testCases.TC011_VerifyKeyPresses.verify_KeyPresses()'><b>verify_KeyPresses</b><br>Test class: testCases.TC011_VerifyKeyPresses</td>
<td></td>
<td>1</td>
<td>testCases.TC011_VerifyKeyPresses@50fe837a</td></tr>
<tr>
<td title='testCases.TC004_VerifyFileUpload.verify_FileUpload()'><b>verify_FileUpload</b><br>Test class: testCases.TC004_VerifyFileUpload</td>
<td></td>
<td>4</td>
<td>testCases.TC004_VerifyFileUpload@f0e995e</td></tr>
<tr>
<td title='testCases.TC001_VerifyBasicAuthFunctionality.verify_BasicAuthFunctionality()'><b>verify_BasicAuthFunctionality</b><br>Test class: testCases.TC001_VerifyBasicAuthFunctionality</td>
<td></td>
<td>0</td>
<td>testCases.TC001_VerifyBasicAuthFunctionality@2bef51f2</td></tr>
</table><p>
</body>
</html>