<?xml version="1.0" encoding="UTF-8"?>
<testng-results ignored="0" total="16" passed="15" failed="1" skipped="0">
  <reporter-output>
  </reporter-output>
  <suite started-at="2024-11-29T18:51:59 BDT" name="Master Suite" finished-at="2024-11-29T18:59:20 BDT" duration-ms="441967">
    <groups>
      <group name="Master">
        <method signature="TC001_VerifyBasicAuthFunctionality.verify_BasicAuthFunctionality()[pri:0, instance:testCases.TC001_VerifyBasicAuthFunctionality@58326051]" name="verify_BasicAuthFunctionality" class="testCases.TC001_VerifyBasicAuthFunctionality"/>
        <method signature="TC003_VerifyDisappearingElements.verify_DisappearingElements()[pri:0, instance:testCases.TC003_VerifyDisappearingElements@7ae42ce3]" name="verify_DisappearingElements" class="testCases.TC003_VerifyDisappearingElements"/>
        <method signature="TC004_VerifyFileUpload.verify_FileUpload()[pri:0, instance:testCases.TC004_VerifyFileUpload@4f5991f6]" name="verify_FileUpload" class="testCases.TC004_VerifyFileUpload"/>
        <method signature="TC005_VerifyDropdownListFunctionality.verify_DropdownList()[pri:0, instance:testCases.TC005_VerifyDropdownListFunctionality@484094a5]" name="verify_DropdownList" class="testCases.TC005_VerifyDropdownListFunctionality"/>
        <method signature="TC006_VerifyAddRemoveElements.verify_AddRemoveElements()[pri:0, instance:testCases.TC006_VerifyAddRemoveElements@38234a38]" name="verify_AddRemoveElements" class="testCases.TC006_VerifyAddRemoveElements"/>
        <method signature="TC007_VerifyFloatingMenuFunctionality.verify_FloatingMenuFunctionality()[pri:0, instance:testCases.TC007_VerifyFloatingMenuFunctionality@63fbfaeb]" name="verify_FloatingMenuFunctionality" class="testCases.TC007_VerifyFloatingMenuFunctionality"/>
        <method signature="TC008_VerifyHoversActions.verify_HoversActions()[pri:0, instance:testCases.TC008_VerifyHoversActions@602e0143]" name="verify_HoversActions" class="testCases.TC008_VerifyHoversActions"/>
        <method signature="TC009_VerifyDragAndDrop.verify_DragAndDrop()[pri:0, instance:testCases.TC009_VerifyDragAndDrop@2c07545f]" name="verify_DragAndDrop" class="testCases.TC009_VerifyDragAndDrop"/>
        <method signature="TC011_VerifyKeyPresses.verify_KeyPresses()[pri:0, instance:testCases.TC011_VerifyKeyPresses@32c726ee]" name="verify_KeyPresses" class="testCases.TC011_VerifyKeyPresses"/>
        <method signature="TC002_VerifyFormAuthentication.verify_ValidLogin()[pri:1, instance:testCases.TC002_VerifyFormAuthentication@5a755cc1]" name="verify_ValidLogin" class="testCases.TC002_VerifyFormAuthentication"/>
        <method signature="TC010_VerifyJavaScriptAlerts.verify_JsAlert()[pri:1, instance:testCases.TC010_VerifyJavaScriptAlerts@e57b96d]" name="verify_JsAlert" class="testCases.TC010_VerifyJavaScriptAlerts"/>
        <method signature="TC002_VerifyFormAuthentication.verify_InvalidLogin()[pri:2, instance:testCases.TC002_VerifyFormAuthentication@5a755cc1]" name="verify_InvalidLogin" class="testCases.TC002_VerifyFormAuthentication"/>
        <method signature="TC010_VerifyJavaScriptAlerts.verify_JsConfirmAccept()[pri:2, instance:testCases.TC010_VerifyJavaScriptAlerts@e57b96d]" name="verify_JsConfirmAccept" class="testCases.TC010_VerifyJavaScriptAlerts"/>
        <method signature="TC002_VerifyFormAuthentication.verify_BlankFieldsLogin()[pri:3, instance:testCases.TC002_VerifyFormAuthentication@5a755cc1]" name="verify_BlankFieldsLogin" class="testCases.TC002_VerifyFormAuthentication"/>
        <method signature="TC010_VerifyJavaScriptAlerts.verify_JsConfirmDismiss()[pri:3, instance:testCases.TC010_VerifyJavaScriptAlerts@e57b96d]" name="verify_JsConfirmDismiss" class="testCases.TC010_VerifyJavaScriptAlerts"/>
        <method signature="TC010_VerifyJavaScriptAlerts.verify_JsPrompt()[pri:4, instance:testCases.TC010_VerifyJavaScriptAlerts@e57b96d]" name="verify_JsPrompt" class="testCases.TC010_VerifyJavaScriptAlerts"/>
      </group> <!-- Master -->
      <group name="Sanity">
        <method signature="TC001_VerifyBasicAuthFunctionality.verify_BasicAuthFunctionality()[pri:0, instance:testCases.TC001_VerifyBasicAuthFunctionality@58326051]" name="verify_BasicAuthFunctionality" class="testCases.TC001_VerifyBasicAuthFunctionality"/>
        <method signature="TC005_VerifyDropdownListFunctionality.verify_DropdownList()[pri:0, instance:testCases.TC005_VerifyDropdownListFunctionality@484094a5]" name="verify_DropdownList" class="testCases.TC005_VerifyDropdownListFunctionality"/>
        <method signature="TC006_VerifyAddRemoveElements.verify_AddRemoveElements()[pri:0, instance:testCases.TC006_VerifyAddRemoveElements@38234a38]" name="verify_AddRemoveElements" class="testCases.TC006_VerifyAddRemoveElements"/>
        <method signature="TC002_VerifyFormAuthentication.verify_ValidLogin()[pri:1, instance:testCases.TC002_VerifyFormAuthentication@5a755cc1]" name="verify_ValidLogin" class="testCases.TC002_VerifyFormAuthentication"/>
        <method signature="TC002_VerifyFormAuthentication.verify_InvalidLogin()[pri:2, instance:testCases.TC002_VerifyFormAuthentication@5a755cc1]" name="verify_InvalidLogin" class="testCases.TC002_VerifyFormAuthentication"/>
        <method signature="TC002_VerifyFormAuthentication.verify_BlankFieldsLogin()[pri:3, instance:testCases.TC002_VerifyFormAuthentication@5a755cc1]" name="verify_BlankFieldsLogin" class="testCases.TC002_VerifyFormAuthentication"/>
      </group> <!-- Sanity -->
      <group name="Regression">
        <method signature="TC001_VerifyBasicAuthFunctionality.verify_BasicAuthFunctionality()[pri:0, instance:testCases.TC001_VerifyBasicAuthFunctionality@58326051]" name="verify_BasicAuthFunctionality" class="testCases.TC001_VerifyBasicAuthFunctionality"/>
        <method signature="TC003_VerifyDisappearingElements.verify_DisappearingElements()[pri:0, instance:testCases.TC003_VerifyDisappearingElements@7ae42ce3]" name="verify_DisappearingElements" class="testCases.TC003_VerifyDisappearingElements"/>
        <method signature="TC004_VerifyFileUpload.verify_FileUpload()[pri:0, instance:testCases.TC004_VerifyFileUpload@4f5991f6]" name="verify_FileUpload" class="testCases.TC004_VerifyFileUpload"/>
        <method signature="TC005_VerifyDropdownListFunctionality.verify_DropdownList()[pri:0, instance:testCases.TC005_VerifyDropdownListFunctionality@484094a5]" name="verify_DropdownList" class="testCases.TC005_VerifyDropdownListFunctionality"/>
        <method signature="TC006_VerifyAddRemoveElements.verify_AddRemoveElements()[pri:0, instance:testCases.TC006_VerifyAddRemoveElements@38234a38]" name="verify_AddRemoveElements" class="testCases.TC006_VerifyAddRemoveElements"/>
        <method signature="TC007_VerifyFloatingMenuFunctionality.verify_FloatingMenuFunctionality()[pri:0, instance:testCases.TC007_VerifyFloatingMenuFunctionality@63fbfaeb]" name="verify_FloatingMenuFunctionality" class="testCases.TC007_VerifyFloatingMenuFunctionality"/>
        <method signature="TC008_VerifyHoversActions.verify_HoversActions()[pri:0, instance:testCases.TC008_VerifyHoversActions@602e0143]" name="verify_HoversActions" class="testCases.TC008_VerifyHoversActions"/>
        <method signature="TC009_VerifyDragAndDrop.verify_DragAndDrop()[pri:0, instance:testCases.TC009_VerifyDragAndDrop@2c07545f]" name="verify_DragAndDrop" class="testCases.TC009_VerifyDragAndDrop"/>
        <method signature="TC011_VerifyKeyPresses.verify_KeyPresses()[pri:0, instance:testCases.TC011_VerifyKeyPresses@32c726ee]" name="verify_KeyPresses" class="testCases.TC011_VerifyKeyPresses"/>
        <method signature="TC002_VerifyFormAuthentication.verify_ValidLogin()[pri:1, instance:testCases.TC002_VerifyFormAuthentication@5a755cc1]" name="verify_ValidLogin" class="testCases.TC002_VerifyFormAuthentication"/>
        <method signature="TC010_VerifyJavaScriptAlerts.verify_JsAlert()[pri:1, instance:testCases.TC010_VerifyJavaScriptAlerts@e57b96d]" name="verify_JsAlert" class="testCases.TC010_VerifyJavaScriptAlerts"/>
        <method signature="TC002_VerifyFormAuthentication.verify_InvalidLogin()[pri:2, instance:testCases.TC002_VerifyFormAuthentication@5a755cc1]" name="verify_InvalidLogin" class="testCases.TC002_VerifyFormAuthentication"/>
        <method signature="TC010_VerifyJavaScriptAlerts.verify_JsConfirmAccept()[pri:2, instance:testCases.TC010_VerifyJavaScriptAlerts@e57b96d]" name="verify_JsConfirmAccept" class="testCases.TC010_VerifyJavaScriptAlerts"/>
        <method signature="TC002_VerifyFormAuthentication.verify_BlankFieldsLogin()[pri:3, instance:testCases.TC002_VerifyFormAuthentication@5a755cc1]" name="verify_BlankFieldsLogin" class="testCases.TC002_VerifyFormAuthentication"/>
        <method signature="TC010_VerifyJavaScriptAlerts.verify_JsConfirmDismiss()[pri:3, instance:testCases.TC010_VerifyJavaScriptAlerts@e57b96d]" name="verify_JsConfirmDismiss" class="testCases.TC010_VerifyJavaScriptAlerts"/>
        <method signature="TC010_VerifyJavaScriptAlerts.verify_JsPrompt()[pri:4, instance:testCases.TC010_VerifyJavaScriptAlerts@e57b96d]" name="verify_JsPrompt" class="testCases.TC010_VerifyJavaScriptAlerts"/>
      </group> <!-- Regression -->
      <group name="Smoke">
        <method signature="TC001_VerifyBasicAuthFunctionality.verify_BasicAuthFunctionality()[pri:0, instance:testCases.TC001_VerifyBasicAuthFunctionality@58326051]" name="verify_BasicAuthFunctionality" class="testCases.TC001_VerifyBasicAuthFunctionality"/>
        <method signature="TC004_VerifyFileUpload.verify_FileUpload()[pri:0, instance:testCases.TC004_VerifyFileUpload@4f5991f6]" name="verify_FileUpload" class="testCases.TC004_VerifyFileUpload"/>
        <method signature="TC002_VerifyFormAuthentication.verify_ValidLogin()[pri:1, instance:testCases.TC002_VerifyFormAuthentication@5a755cc1]" name="verify_ValidLogin" class="testCases.TC002_VerifyFormAuthentication"/>
        <method signature="TC002_VerifyFormAuthentication.verify_InvalidLogin()[pri:2, instance:testCases.TC002_VerifyFormAuthentication@5a755cc1]" name="verify_InvalidLogin" class="testCases.TC002_VerifyFormAuthentication"/>
        <method signature="TC002_VerifyFormAuthentication.verify_BlankFieldsLogin()[pri:3, instance:testCases.TC002_VerifyFormAuthentication@5a755cc1]" name="verify_BlankFieldsLogin" class="testCases.TC002_VerifyFormAuthentication"/>
      </group> <!-- Smoke -->
    </groups>
    <test started-at="2024-11-29T18:51:59 BDT" name="Test" finished-at="2024-11-29T18:59:20 BDT" duration-ms="441967">
      <class name="testCases.TC008_VerifyHoversActions">
        <test-method is-config="true" signature="setup(java.lang.String,java.lang.String)[pri:0, instance:testCases.TC008_VerifyHoversActions@602e0143]" started-at="2024-11-29T18:58:38 BDT" name="setup" finished-at="2024-11-29T18:58:54 BDT" duration-ms="16526" status="PASS">
          <params>
            <param index="0">
              <value>
                <![CDATA[Windows]]>
              </value>
            </param>
            <param index="1">
              <value>
                <![CDATA[chrome]]>
              </value>
            </param>
          </params>
          <reporter-output>
          </reporter-output>
        </test-method> <!-- setup -->
        <test-method signature="verify_HoversActions()[pri:0, instance:testCases.TC008_VerifyHoversActions@602e0143]" started-at="2024-11-29T18:58:54 BDT" name="verify_HoversActions" finished-at="2024-11-29T18:58:56 BDT" duration-ms="1381" status="PASS">
          <reporter-output>
          </reporter-output>
        </test-method> <!-- verify_HoversActions -->
        <test-method is-config="true" signature="tearDown()[pri:0, instance:testCases.TC008_VerifyHoversActions@602e0143]" started-at="2024-11-29T18:58:56 BDT" name="tearDown" finished-at="2024-11-29T18:58:56 BDT" duration-ms="158" status="PASS">
          <reporter-output>
          </reporter-output>
        </test-method> <!-- tearDown -->
      </class> <!-- testCases.TC008_VerifyHoversActions -->
      <class name="testCases.TC007_VerifyFloatingMenuFunctionality">
        <test-method is-config="true" signature="setup(java.lang.String,java.lang.String)[pri:0, instance:testCases.TC007_VerifyFloatingMenuFunctionality@63fbfaeb]" started-at="2024-11-29T18:57:57 BDT" name="setup" finished-at="2024-11-29T18:58:36 BDT" duration-ms="38959" status="PASS">
          <params>
            <param index="0">
              <value>
                <![CDATA[Windows]]>
              </value>
            </param>
            <param index="1">
              <value>
                <![CDATA[chrome]]>
              </value>
            </param>
          </params>
          <reporter-output>
          </reporter-output>
        </test-method> <!-- setup -->
        <test-method signature="verify_FloatingMenuFunctionality()[pri:0, instance:testCases.TC007_VerifyFloatingMenuFunctionality@63fbfaeb]" started-at="2024-11-29T18:58:36 BDT" name="verify_FloatingMenuFunctionality" finished-at="2024-11-29T18:58:38 BDT" duration-ms="1819" status="PASS">
          <reporter-output>
          </reporter-output>
        </test-method> <!-- verify_FloatingMenuFunctionality -->
        <test-method is-config="true" signature="tearDown()[pri:0, instance:testCases.TC007_VerifyFloatingMenuFunctionality@63fbfaeb]" started-at="2024-11-29T18:58:38 BDT" name="tearDown" finished-at="2024-11-29T18:58:38 BDT" duration-ms="127" status="PASS">
          <reporter-output>
          </reporter-output>
        </test-method> <!-- tearDown -->
      </class> <!-- testCases.TC007_VerifyFloatingMenuFunctionality -->
      <class name="testCases.TC002_VerifyFormAuthentication">
        <test-method is-config="true" signature="setup(java.lang.String,java.lang.String)[pri:0, instance:testCases.TC002_VerifyFormAuthentication@5a755cc1]" started-at="2024-11-29T18:52:53 BDT" name="setup" finished-at="2024-11-29T18:53:46 BDT" duration-ms="52384" status="PASS">
          <params>
            <param index="0">
              <value>
                <![CDATA[Windows]]>
              </value>
            </param>
            <param index="1">
              <value>
                <![CDATA[chrome]]>
              </value>
            </param>
          </params>
          <reporter-output>
          </reporter-output>
        </test-method> <!-- setup -->
        <test-method signature="verify_ValidLogin()[pri:1, instance:testCases.TC002_VerifyFormAuthentication@5a755cc1]" started-at="2024-11-29T18:53:46 BDT" name="verify_ValidLogin" finished-at="2024-11-29T18:53:56 BDT" duration-ms="10267" status="PASS">
          <reporter-output>
          </reporter-output>
        </test-method> <!-- verify_ValidLogin -->
        <test-method signature="verify_InvalidLogin()[pri:2, instance:testCases.TC002_VerifyFormAuthentication@5a755cc1]" started-at="2024-11-29T18:53:56 BDT" name="verify_InvalidLogin" finished-at="2024-11-29T18:53:57 BDT" duration-ms="1137" status="PASS">
          <reporter-output>
          </reporter-output>
        </test-method> <!-- verify_InvalidLogin -->
        <test-method signature="verify_BlankFieldsLogin()[pri:3, instance:testCases.TC002_VerifyFormAuthentication@5a755cc1]" started-at="2024-11-29T18:53:57 BDT" name="verify_BlankFieldsLogin" finished-at="2024-11-29T18:53:58 BDT" duration-ms="844" status="PASS">
          <reporter-output>
          </reporter-output>
        </test-method> <!-- verify_BlankFieldsLogin -->
        <test-method is-config="true" signature="tearDown()[pri:0, instance:testCases.TC002_VerifyFormAuthentication@5a755cc1]" started-at="2024-11-29T18:53:58 BDT" name="tearDown" finished-at="2024-11-29T18:53:58 BDT" duration-ms="154" status="PASS">
          <reporter-output>
          </reporter-output>
        </test-method> <!-- tearDown -->
      </class> <!-- testCases.TC002_VerifyFormAuthentication -->
      <class name="testCases.TC009_VerifyDragAndDrop">
        <test-method is-config="true" signature="setup(java.lang.String,java.lang.String)[pri:0, instance:testCases.TC009_VerifyDragAndDrop@2c07545f]" started-at="2024-11-29T18:58:56 BDT" name="setup" finished-at="2024-11-29T18:59:02 BDT" duration-ms="6276" status="PASS">
          <params>
            <param index="0">
              <value>
                <![CDATA[Windows]]>
              </value>
            </param>
            <param index="1">
              <value>
                <![CDATA[chrome]]>
              </value>
            </param>
          </params>
          <reporter-output>
          </reporter-output>
        </test-method> <!-- setup -->
        <test-method signature="verify_DragAndDrop()[pri:0, instance:testCases.TC009_VerifyDragAndDrop@2c07545f]" started-at="2024-11-29T18:59:02 BDT" name="verify_DragAndDrop" finished-at="2024-11-29T18:59:03 BDT" duration-ms="780" status="PASS">
          <reporter-output>
          </reporter-output>
        </test-method> <!-- verify_DragAndDrop -->
        <test-method is-config="true" signature="tearDown()[pri:0, instance:testCases.TC009_VerifyDragAndDrop@2c07545f]" started-at="2024-11-29T18:59:03 BDT" name="tearDown" finished-at="2024-11-29T18:59:03 BDT" duration-ms="167" status="PASS">
          <reporter-output>
          </reporter-output>
        </test-method> <!-- tearDown -->
      </class> <!-- testCases.TC009_VerifyDragAndDrop -->
      <class name="testCases.TC003_VerifyDisappearingElements">
        <test-method is-config="true" signature="setup(java.lang.String,java.lang.String)[pri:0, instance:testCases.TC003_VerifyDisappearingElements@7ae42ce3]" started-at="2024-11-29T18:53:58 BDT" name="setup" finished-at="2024-11-29T18:54:10 BDT" duration-ms="11662" status="PASS">
          <params>
            <param index="0">
              <value>
                <![CDATA[Windows]]>
              </value>
            </param>
            <param index="1">
              <value>
                <![CDATA[chrome]]>
              </value>
            </param>
          </params>
          <reporter-output>
          </reporter-output>
        </test-method> <!-- setup -->
        <test-method signature="verify_DisappearingElements()[pri:0, instance:testCases.TC003_VerifyDisappearingElements@7ae42ce3]" started-at="2024-11-29T18:54:10 BDT" name="verify_DisappearingElements" finished-at="2024-11-29T18:54:12 BDT" duration-ms="1925" status="FAIL">
          <exception class="java.lang.AssertionError">
            <message>
              <![CDATA[Menu items mismatch after reload #3: lists don't have the same size expected [5] but found [4]]]>
            </message>
            <full-stacktrace>
              <![CDATA[java.lang.AssertionError: Menu items mismatch after reload #3: lists don't have the same size expected [5] but found [4]
at org.testng.Assert.fail(Assert.java:111)
at org.testng.Assert.failNotEquals(Assert.java:1578)
at org.testng.Assert.assertEqualsImpl(Assert.java:150)
at org.testng.Assert.assertEquals(Assert.java:132)
at org.testng.Assert.assertEquals(Assert.java:1419)
at org.testng.Assert.assertEquals(Assert.java:1383)
at org.testng.Assert.assertEquals(Assert.java:1630)
at testCases.TC003_VerifyDisappearingElements.verify_DisappearingElements(TC003_VerifyDisappearingElements.java:31)
at java.base/jdk.internal.reflect.DirectMethodHandleAccessor.invoke(DirectMethodHandleAccessor.java:103)
at java.base/java.lang.reflect.Method.invoke(Method.java:580)
at org.testng.internal.invokers.MethodInvocationHelper.invokeMethod(MethodInvocationHelper.java:141)
at org.testng.internal.invokers.TestInvoker.invokeMethod(TestInvoker.java:686)
at org.testng.internal.invokers.TestInvoker.invokeTestMethod(TestInvoker.java:230)
at org.testng.internal.invokers.MethodRunner.runInSequence(MethodRunner.java:63)
at org.testng.internal.invokers.TestInvoker$MethodInvocationAgent.invoke(TestInvoker.java:992)
at org.testng.internal.invokers.TestInvoker.invokeTestMethods(TestInvoker.java:203)
at org.testng.internal.invokers.TestMethodWorker.invokeTestMethods(TestMethodWorker.java:154)
at org.testng.internal.invokers.TestMethodWorker.run(TestMethodWorker.java:134)
at java.base/java.util.ArrayList.forEach(ArrayList.java:1596)
at org.testng.TestRunner.privateRun(TestRunner.java:739)
at org.testng.TestRunner.run(TestRunner.java:614)
at org.testng.SuiteRunner.runTest(SuiteRunner.java:421)
at org.testng.SuiteRunner.runSequentially(SuiteRunner.java:413)
at org.testng.SuiteRunner.privateRun(SuiteRunner.java:373)
at org.testng.SuiteRunner.run(SuiteRunner.java:312)
at org.testng.SuiteRunnerWorker.runSuite(SuiteRunnerWorker.java:52)
at org.testng.SuiteRunnerWorker.run(SuiteRunnerWorker.java:95)
at org.testng.TestNG.runSuitesSequentially(TestNG.java:1274)
at org.testng.TestNG.runSuitesLocally(TestNG.java:1208)
at org.testng.TestNG.runSuites(TestNG.java:1112)
at org.testng.TestNG.run(TestNG.java:1079)
at org.apache.maven.surefire.testng.TestNGExecutor.run(TestNGExecutor.java:308)
at org.apache.maven.surefire.testng.TestNGXmlTestSuite.execute(TestNGXmlTestSuite.java:71)
at org.apache.maven.surefire.testng.TestNGProvider.invoke(TestNGProvider.java:113)
at org.apache.maven.surefire.booter.ForkedBooter.runSuitesInProcess(ForkedBooter.java:385)
at org.apache.maven.surefire.booter.ForkedBooter.execute(ForkedBooter.java:162)
at org.apache.maven.surefire.booter.ForkedBooter.run(ForkedBooter.java:507)
at org.apache.maven.surefire.booter.ForkedBooter.main(ForkedBooter.java:495)
]]>
            </full-stacktrace>
          </exception> <!-- java.lang.AssertionError -->
          <reporter-output>
          </reporter-output>
        </test-method> <!-- verify_DisappearingElements -->
        <test-method is-config="true" signature="tearDown()[pri:0, instance:testCases.TC003_VerifyDisappearingElements@7ae42ce3]" started-at="2024-11-29T18:54:12 BDT" name="tearDown" finished-at="2024-11-29T18:54:12 BDT" duration-ms="155" status="PASS">
          <reporter-output>
          </reporter-output>
        </test-method> <!-- tearDown -->
      </class> <!-- testCases.TC003_VerifyDisappearingElements -->
      <class name="testCases.TC001_VerifyBasicAuthFunctionality">
        <test-method is-config="true" signature="setup(java.lang.String,java.lang.String)[pri:0, instance:testCases.TC001_VerifyBasicAuthFunctionality@58326051]" started-at="2024-11-29T18:51:59 BDT" name="setup" finished-at="2024-11-29T18:52:52 BDT" duration-ms="52805" status="PASS">
          <params>
            <param index="0">
              <value>
                <![CDATA[Windows]]>
              </value>
            </param>
            <param index="1">
              <value>
                <![CDATA[chrome]]>
              </value>
            </param>
          </params>
          <reporter-output>
          </reporter-output>
        </test-method> <!-- setup -->
        <test-method signature="verify_BasicAuthFunctionality()[pri:0, instance:testCases.TC001_VerifyBasicAuthFunctionality@58326051]" started-at="2024-11-29T18:52:52 BDT" name="verify_BasicAuthFunctionality" finished-at="2024-11-29T18:52:53 BDT" duration-ms="1551" status="PASS">
          <reporter-output>
          </reporter-output>
        </test-method> <!-- verify_BasicAuthFunctionality -->
        <test-method is-config="true" signature="tearDown()[pri:0, instance:testCases.TC001_VerifyBasicAuthFunctionality@58326051]" started-at="2024-11-29T18:52:53 BDT" name="tearDown" finished-at="2024-11-29T18:52:53 BDT" duration-ms="148" status="PASS">
          <reporter-output>
          </reporter-output>
        </test-method> <!-- tearDown -->
      </class> <!-- testCases.TC001_VerifyBasicAuthFunctionality -->
      <class name="testCases.TC010_VerifyJavaScriptAlerts">
        <test-method is-config="true" signature="setup(java.lang.String,java.lang.String)[pri:0, instance:testCases.TC010_VerifyJavaScriptAlerts@e57b96d]" started-at="2024-11-29T18:59:03 BDT" name="setup" finished-at="2024-11-29T18:59:08 BDT" duration-ms="5103" status="PASS">
          <params>
            <param index="0">
              <value>
                <![CDATA[Windows]]>
              </value>
            </param>
            <param index="1">
              <value>
                <![CDATA[chrome]]>
              </value>
            </param>
          </params>
          <reporter-output>
          </reporter-output>
        </test-method> <!-- setup -->
        <test-method signature="verify_JsAlert()[pri:1, instance:testCases.TC010_VerifyJavaScriptAlerts@e57b96d]" started-at="2024-11-29T18:59:08 BDT" name="verify_JsAlert" finished-at="2024-11-29T18:59:09 BDT" duration-ms="616" status="PASS">
          <reporter-output>
          </reporter-output>
        </test-method> <!-- verify_JsAlert -->
        <test-method signature="verify_JsConfirmAccept()[pri:2, instance:testCases.TC010_VerifyJavaScriptAlerts@e57b96d]" started-at="2024-11-29T18:59:09 BDT" name="verify_JsConfirmAccept" finished-at="2024-11-29T18:59:09 BDT" duration-ms="117" status="PASS">
          <reporter-output>
          </reporter-output>
        </test-method> <!-- verify_JsConfirmAccept -->
        <test-method signature="verify_JsConfirmDismiss()[pri:3, instance:testCases.TC010_VerifyJavaScriptAlerts@e57b96d]" started-at="2024-11-29T18:59:09 BDT" name="verify_JsConfirmDismiss" finished-at="2024-11-29T18:59:09 BDT" duration-ms="111" status="PASS">
          <reporter-output>
          </reporter-output>
        </test-method> <!-- verify_JsConfirmDismiss -->
        <test-method signature="verify_JsPrompt()[pri:4, instance:testCases.TC010_VerifyJavaScriptAlerts@e57b96d]" started-at="2024-11-29T18:59:09 BDT" name="verify_JsPrompt" finished-at="2024-11-29T18:59:09 BDT" duration-ms="132" status="PASS">
          <reporter-output>
          </reporter-output>
        </test-method> <!-- verify_JsPrompt -->
        <test-method is-config="true" signature="tearDown()[pri:0, instance:testCases.TC010_VerifyJavaScriptAlerts@e57b96d]" started-at="2024-11-29T18:59:09 BDT" name="tearDown" finished-at="2024-11-29T18:59:09 BDT" duration-ms="186" status="PASS">
          <reporter-output>
          </reporter-output>
        </test-method> <!-- tearDown -->
      </class> <!-- testCases.TC010_VerifyJavaScriptAlerts -->
      <class name="testCases.TC006_VerifyAddRemoveElements">
        <test-method is-config="true" signature="setup(java.lang.String,java.lang.String)[pri:0, instance:testCases.TC006_VerifyAddRemoveElements@38234a38]" started-at="2024-11-29T18:56:44 BDT" name="setup" finished-at="2024-11-29T18:57:35 BDT" duration-ms="51119" status="PASS">
          <params>
            <param index="0">
              <value>
                <![CDATA[Windows]]>
              </value>
            </param>
            <param index="1">
              <value>
                <![CDATA[chrome]]>
              </value>
            </param>
          </params>
          <reporter-output>
          </reporter-output>
        </test-method> <!-- setup -->
        <test-method signature="verify_AddRemoveElements()[pri:0, instance:testCases.TC006_VerifyAddRemoveElements@38234a38]" started-at="2024-11-29T18:57:35 BDT" name="verify_AddRemoveElements" finished-at="2024-11-29T18:57:57 BDT" duration-ms="21183" status="PASS">
          <reporter-output>
          </reporter-output>
        </test-method> <!-- verify_AddRemoveElements -->
        <test-method is-config="true" signature="tearDown()[pri:0, instance:testCases.TC006_VerifyAddRemoveElements@38234a38]" started-at="2024-11-29T18:57:57 BDT" name="tearDown" finished-at="2024-11-29T18:57:57 BDT" duration-ms="207" status="PASS">
          <reporter-output>
          </reporter-output>
        </test-method> <!-- tearDown -->
      </class> <!-- testCases.TC006_VerifyAddRemoveElements -->
      <class name="testCases.TC005_VerifyDropdownListFunctionality">
        <test-method is-config="true" signature="setup(java.lang.String,java.lang.String)[pri:0, instance:testCases.TC005_VerifyDropdownListFunctionality@484094a5]" started-at="2024-11-29T18:55:29 BDT" name="setup" finished-at="2024-11-29T18:56:42 BDT" duration-ms="72359" status="PASS">
          <params>
            <param index="0">
              <value>
                <![CDATA[Windows]]>
              </value>
            </param>
            <param index="1">
              <value>
                <![CDATA[chrome]]>
              </value>
            </param>
          </params>
          <reporter-output>
          </reporter-output>
        </test-method> <!-- setup -->
        <test-method signature="verify_DropdownList()[pri:0, instance:testCases.TC005_VerifyDropdownListFunctionality@484094a5]" started-at="2024-11-29T18:56:42 BDT" name="verify_DropdownList" finished-at="2024-11-29T18:56:44 BDT" duration-ms="2591" status="PASS">
          <reporter-output>
          </reporter-output>
        </test-method> <!-- verify_DropdownList -->
        <test-method is-config="true" signature="tearDown()[pri:0, instance:testCases.TC005_VerifyDropdownListFunctionality@484094a5]" started-at="2024-11-29T18:56:44 BDT" name="tearDown" finished-at="2024-11-29T18:56:44 BDT" duration-ms="187" status="PASS">
          <reporter-output>
          </reporter-output>
        </test-method> <!-- tearDown -->
      </class> <!-- testCases.TC005_VerifyDropdownListFunctionality -->
      <class name="testCases.TC004_VerifyFileUpload">
        <test-method is-config="true" signature="setup(java.lang.String,java.lang.String)[pri:0, instance:testCases.TC004_VerifyFileUpload@4f5991f6]" started-at="2024-11-29T18:54:12 BDT" name="setup" finished-at="2024-11-29T18:55:21 BDT" duration-ms="68762" status="PASS">
          <params>
            <param index="0">
              <value>
                <![CDATA[Windows]]>
              </value>
            </param>
            <param index="1">
              <value>
                <![CDATA[chrome]]>
              </value>
            </param>
          </params>
          <reporter-output>
          </reporter-output>
        </test-method> <!-- setup -->
        <test-method signature="verify_FileUpload()[pri:0, instance:testCases.TC004_VerifyFileUpload@4f5991f6]" started-at="2024-11-29T18:55:21 BDT" name="verify_FileUpload" finished-at="2024-11-29T18:55:29 BDT" duration-ms="8323" status="PASS">
          <reporter-output>
          </reporter-output>
        </test-method> <!-- verify_FileUpload -->
        <test-method is-config="true" signature="tearDown()[pri:0, instance:testCases.TC004_VerifyFileUpload@4f5991f6]" started-at="2024-11-29T18:55:29 BDT" name="tearDown" finished-at="2024-11-29T18:55:29 BDT" duration-ms="170" status="PASS">
          <reporter-output>
          </reporter-output>
        </test-method> <!-- tearDown -->
      </class> <!-- testCases.TC004_VerifyFileUpload -->
      <class name="testCases.TC011_VerifyKeyPresses">
        <test-method is-config="true" signature="setup(java.lang.String,java.lang.String)[pri:0, instance:testCases.TC011_VerifyKeyPresses@32c726ee]" started-at="2024-11-29T18:59:09 BDT" name="setup" finished-at="2024-11-29T18:59:19 BDT" duration-ms="9933" status="PASS">
          <params>
            <param index="0">
              <value>
                <![CDATA[Windows]]>
              </value>
            </param>
            <param index="1">
              <value>
                <![CDATA[chrome]]>
              </value>
            </param>
          </params>
          <reporter-output>
          </reporter-output>
        </test-method> <!-- setup -->
        <test-method signature="verify_KeyPresses()[pri:0, instance:testCases.TC011_VerifyKeyPresses@32c726ee]" started-at="2024-11-29T18:59:19 BDT" name="verify_KeyPresses" finished-at="2024-11-29T18:59:20 BDT" duration-ms="1077" status="PASS">
          <reporter-output>
          </reporter-output>
        </test-method> <!-- verify_KeyPresses -->
        <test-method is-config="true" signature="tearDown()[pri:0, instance:testCases.TC011_VerifyKeyPresses@32c726ee]" started-at="2024-11-29T18:59:20 BDT" name="tearDown" finished-at="2024-11-29T18:59:20 BDT" duration-ms="146" status="PASS">
          <reporter-output>
          </reporter-output>
        </test-method> <!-- tearDown -->
      </class> <!-- testCases.TC011_VerifyKeyPresses -->
    </test> <!-- Test -->
  </suite> <!-- Master Suite -->
</testng-results>
